{
  "profileName": "DemoSkillBot",
  "jobId": "43b1b3cf-3d05-408f-80a0-5a7a3b4626ed",
  "projectId": "81282.67519919996",
  "time": "2021-11-24T09:44:29.900Z",
  "log": [
    "Creating Azure resources...",
    "Checking the Existence of the Resource Group ...",
    "Use the Resource Group: RENEE-BOT-LOCAL at westus",
    "Deploying Cosmos DB Resource ...",
    "Deploying Application Insights Resource ...",
    "Deploying Blob Storage Resource ...",
    "Deploying Luis Authoring Resource ...",
    "Deploying Luis Resource ...",
    "Deploying QnA Resource ...",
    "{\"stack\":\"Error: The resource 'RENEE-BOT-LOCAL' already exists in location 'westus2' in resource group 'RENEE-BOT-LOCAL'. A resource with the same name cannot be created in location 'westus'. Please select a new resource name.\\n    at new RestError2 (C:\\\\Users\\\\ShubhrajyotiRout\\\\AppData\\\\Local\\\\Programs\\\\Bot Framework Composer\\\\resources\\\\app.asar.unpacked\\\\extensions\\\\azurePublish\\\\dist\\\\extension.js:159952:26)\\n    at C:\\\\Users\\\\ShubhrajyotiRout\\\\AppData\\\\Local\\\\Programs\\\\Bot Framework Composer\\\\resources\\\\app.asar.unpacked\\\\extensions\\\\azurePublish\\\\dist\\\\extension.js:160885:27\\n    at async AzureResourceMananger.deployQnAReource (C:\\\\Users\\\\ShubhrajyotiRout\\\\AppData\\\\Local\\\\Programs\\\\Bot Framework Composer\\\\resources\\\\app.asar.unpacked\\\\extensions\\\\azurePublish\\\\dist\\\\extension.js:256384:39)\\n    at async BotProjectProvision.create (C:\\\\Users\\\\ShubhrajyotiRout\\\\AppData\\\\Local\\\\Programs\\\\Bot Framework Composer\\\\resources\\\\app.asar.unpacked\\\\extensions\\\\azurePublish\\\\dist\\\\extension.js:257191:36)\\n    at async AzurePublisher.asyncProvision (C:\\\\Users\\\\ShubhrajyotiRout\\\\AppData\\\\Local\\\\Programs\\\\Bot Framework Composer\\\\resources\\\\app.asar.unpacked\\\\extensions\\\\azurePublish\\\\dist\\\\extension.js:257626:34)\",\"message\":\"The resource 'RENEE-BOT-LOCAL' already exists in location 'westus2' in resource group 'RENEE-BOT-LOCAL'. A resource with the same name cannot be created in location 'westus'. Please select a new resource name.\",\"code\":\"InvalidResourceLocation\",\"statusCode\":409,\"request\":{\"body\":\"{\\\"location\\\":\\\"westus\\\",\\\"kind\\\":\\\"web\\\",\\\"properties\\\":{\\\"Application_Type\\\":\\\"web\\\"}}\"},\"response\":{\"body\":\"{\\\"error\\\":{\\\"code\\\":\\\"InvalidResourceLocation\\\",\\\"message\\\":\\\"The resource 'RENEE-BOT-LOCAL' already exists in location 'westus2' in resource group 'RENEE-BOT-LOCAL'. A resource with the same name cannot be created in location 'westus'. Please select a new resource name.\\\"}}\"},\"body\":{\"message\":\"The resource 'RENEE-BOT-LOCAL' already exists in location 'westus2' in resource group 'RENEE-BOT-LOCAL'. A resource with the same name cannot be created in location 'westus'. Please select a new resource name.\",\"code\":\"InvalidResourceLocation\"}}",
    "{\"name\":\"CREATE_QNA_ERROR\",\"message\":\"Error - The resource 'RENEE-BOT-LOCAL' already exists in location 'westus2' in resource group 'RENEE-BOT-LOCAL'. A resource with the same name cannot be created in location 'westus'. Please select a new resource name.\",\"stack\":\"Error\\n    at new CustomizeError (C:\\\\Users\\\\ShubhrajyotiRout\\\\AppData\\\\Local\\\\Programs\\\\Bot Framework Composer\\\\resources\\\\app.asar.unpacked\\\\extensions\\\\azurePublish\\\\dist\\\\extension.js:255547:25)\\n    at createCustomizeError2 (C:\\\\Users\\\\ShubhrajyotiRout\\\\AppData\\\\Local\\\\Programs\\\\Bot Framework Composer\\\\resources\\\\app.asar.unpacked\\\\extensions\\\\azurePublish\\\\dist\\\\extension.js:255552:10)\\n    at AzureResourceMananger.deployQnAReource (C:\\\\Users\\\\ShubhrajyotiRout\\\\AppData\\\\Local\\\\Programs\\\\Bot Framework Composer\\\\resources\\\\app.asar.unpacked\\\\extensions\\\\azurePublish\\\\dist\\\\extension.js:256498:13)\"}",
    "Provisioning completed 5 items before encountering a problem. {\"name\":\"CREATE_QNA_ERROR\",\"message\":\"Error - The resource 'RENEE-BOT-LOCAL' already exists in location 'westus2' in resource group 'RENEE-BOT-LOCAL'. A resource with the same name cannot be created in location 'westus'. Please select a new resource name.\",\"stack\":\"Error\\n    at new CustomizeError (C:\\\\Users\\\\ShubhrajyotiRout\\\\AppData\\\\Local\\\\Programs\\\\Bot Framework Composer\\\\resources\\\\app.asar.unpacked\\\\extensions\\\\azurePublish\\\\dist\\\\extension.js:255547:25)\\n    at createCustomizeError2 (C:\\\\Users\\\\ShubhrajyotiRout\\\\AppData\\\\Local\\\\Programs\\\\Bot Framework Composer\\\\resources\\\\app.asar.unpacked\\\\extensions\\\\azurePublish\\\\dist\\\\extension.js:255552:10)\\n    at AzureResourceMananger.deployQnAReource (C:\\\\Users\\\\ShubhrajyotiRout\\\\AppData\\\\Local\\\\Programs\\\\Bot Framework Composer\\\\resources\\\\app.asar.unpacked\\\\extensions\\\\azurePublish\\\\dist\\\\extension.js:256498:13)\"}. See provision.DemoSkillBot.log in your bot folder"
  ]
}
